<?xml version="1.0" encoding="UTF-8"?>
<!-- Generated by org.testng.reporters.JUnitXMLReporter -->
<testsuite ignored="1" hostname="PAWAR" failures="1" tests="4" name="Test_XML" time="31.285" errors="0" timestamp="2022-09-13T19:47:29 IST">
  <testcase classname="Selenium_Practice.TestNG_1" name="Test_b" time="2.125"/>
  <testcase classname="Selenium_Practice.TestNG_1" name="Test_b" time="2.095"/>
  <testcase classname="Selenium_Practice.TestNG_1" name="TC_001_VerifyLoginPage" time="4.259">
    <failure type="java.lang.AssertionError" message="expected [true] but found [false]">
      <![CDATA[java.lang.AssertionError: expected [true] but found [false]
at Selenium_Practice.TestNG_1.TC_001_VerifyLoginPage(TestNG_1.java:43)
at java.base/java.util.ArrayList.forEach(ArrayList.java:1511)
... Removed 29 stack frames]]>
    </failure>
  </testcase> <!-- TC_001_VerifyLoginPage -->
  <testcase classname="Selenium_Practice.TestNG_1" name="TC_002_VerifySignUpPage" time="0.0">
    <skipped/>
  </testcase> <!-- TC_002_VerifySignUpPage -->
  <testcase classname="Selenium_Practice.TestNG_1" name="Test_a" time="0.0">
    <ignored/>
  </testcase> <!-- Test_a -->
</testsuite> <!-- Test_XML -->
