<?xml version="1.0" encoding="UTF-8"?>
<!-- Generated by org.testng.reporters.JUnitXMLReporter -->
<testsuite ignored="2" hostname="PAWAR" failures="1" tests="1" name="Test_IfWeHave100TastCases" time="0.059" errors="0" timestamp="2022-09-14T10:50:59 IST">
  <testcase classname="Selenium_Practice.IfWeHave100TestCases" name="TC_001_VerifyLoginPage" time="0.017">
    <failure type="java.lang.NullPointerException" message="Cannot invoke &amp;quot;org.openqa.selenium.WebDriver.findElement(org.openqa.selenium.By)&amp;quot; because &amp;quot;this.driver&amp;quot; is null">
      <![CDATA[java.lang.NullPointerException: Cannot invoke "org.openqa.selenium.WebDriver.findElement(org.openqa.selenium.By)" because "this.driver" is null
at Selenium_Practice.IfWeHave100TestCases.TC_001_VerifyLoginPage(IfWeHave100TestCases.java:33)
at java.base/java.util.ArrayList.forEach(ArrayList.java:1511)
... Removed 25 stack frames]]>
    </failure>
  </testcase> <!-- TC_001_VerifyLoginPage -->
  <testcase classname="Selenium_Practice.IfWeHave100TestCases" name="TC_001_VerifyHomePage" time="0.0">
    <ignored/>
  </testcase> <!-- TC_001_VerifyHomePage -->
  <testcase classname="Selenium_Practice.IfWeHave100TestCases" name="TC_001_VerifySignUpPage" time="0.0">
    <ignored/>
  </testcase> <!-- TC_001_VerifySignUpPage -->
</testsuite> <!-- Test_IfWeHave100TastCases -->
