<?xml version="1.0" encoding="UTF-8"?>
<testng-results ignored="0" total="1" passed="1" failed="0" skipped="0">
  <reporter-output>
  </reporter-output>
  <suite started-at="2022-09-23T18:38:07 IST" name="Default suite" finished-at="2022-09-23T18:38:23 IST" duration-ms="16244">
    <groups>
    </groups>
    <test started-at="2022-09-23T18:38:07 IST" name="Default test" finished-at="2022-09-23T18:38:23 IST" duration-ms="16244">
      <class name="Selenium_Practice.Selenium_waits">
        <test-method signature="TC_001()[pri:0, instance:Selenium_Practice.Selenium_waits@29626d54]" started-at="2022-09-23T18:38:07 IST" name="TC_001" finished-at="2022-09-23T18:38:23 IST" duration-ms="16199" status="PASS">
          <reporter-output>
          </reporter-output>
        </test-method> <!-- TC_001 -->
      </class> <!-- Selenium_Practice.Selenium_waits -->
    </test> <!-- Default test -->
  </suite> <!-- Default suite -->
</testng-results>
